[debug] [2022-10-28T08:11:01.261Z] ----------------------------------------------------------------------
[debug] [2022-10-28T08:11:01.263Z] Command:       C:\Program Files\nodejs\node.exe C:\Program Files\nodejs\node_modules\firebase-tools\lib\bin\firebase.js deploy --only functions
[debug] [2022-10-28T08:11:01.263Z] CLI Version:   11.7.0
[debug] [2022-10-28T08:11:01.263Z] Platform:      win32
[debug] [2022-10-28T08:11:01.263Z] Node Version:  v16.13.1
[debug] [2022-10-28T08:11:01.264Z] Time:          Fri Oct 28 2022 17:11:01 GMT+0900 (日本標準時)
[debug] [2022-10-28T08:11:01.264Z] ----------------------------------------------------------------------
[debug] 
[debug] [2022-10-28T08:11:01.333Z] > command requires scopes: ["email","openid","https://www.googleapis.com/auth/cloudplatformprojects.readonly","https://www.googleapis.com/auth/firebase","https://www.googleapis.com/auth/cloud-platform"]
[debug] [2022-10-28T08:11:01.334Z] > authorizing via signed-in user (pc.moncrow0502@gmail.com)
[debug] [2022-10-28T08:11:01.334Z] [iam] checking project deploytest-1e8cc for permissions ["cloudfunctions.functions.create","cloudfunctions.functions.delete","cloudfunctions.functions.get","cloudfunctions.functions.list","cloudfunctions.functions.update","cloudfunctions.operations.get","firebase.projects.get"]
[debug] [2022-10-28T08:11:01.335Z] > refreshing access token with scopes: []
[debug] [2022-10-28T08:11:01.337Z] >>> [apiv2][query] POST https://www.googleapis.com/oauth2/v3/token [none]
[debug] [2022-10-28T08:11:01.337Z] >>> [apiv2][body] POST https://www.googleapis.com/oauth2/v3/token [omitted]
[debug] [2022-10-28T08:11:01.526Z] <<< [apiv2][status] POST https://www.googleapis.com/oauth2/v3/token 200
[debug] [2022-10-28T08:11:01.526Z] <<< [apiv2][body] POST https://www.googleapis.com/oauth2/v3/token [omitted]
[debug] [2022-10-28T08:11:01.543Z] >>> [apiv2][query] POST https://cloudresourcemanager.googleapis.com/v1/projects/deploytest-1e8cc:testIamPermissions [none]
[debug] [2022-10-28T08:11:01.543Z] >>> [apiv2][(partial)header] POST https://cloudresourcemanager.googleapis.com/v1/projects/deploytest-1e8cc:testIamPermissions x-goog-quota-user=projects/deploytest-1e8cc
[debug] [2022-10-28T08:11:01.543Z] >>> [apiv2][body] POST https://cloudresourcemanager.googleapis.com/v1/projects/deploytest-1e8cc:testIamPermissions {"permissions":["cloudfunctions.functions.create","cloudfunctions.functions.delete","cloudfunctions.functions.get","cloudfunctions.functions.list","cloudfunctions.functions.update","cloudfunctions.operations.get","firebase.projects.get"]}
[debug] [2022-10-28T08:11:02.264Z] <<< [apiv2][status] POST https://cloudresourcemanager.googleapis.com/v1/projects/deploytest-1e8cc:testIamPermissions 200
[debug] [2022-10-28T08:11:02.264Z] <<< [apiv2][body] POST https://cloudresourcemanager.googleapis.com/v1/projects/deploytest-1e8cc:testIamPermissions {"permissions":["cloudfunctions.functions.create","cloudfunctions.functions.delete","cloudfunctions.functions.get","cloudfunctions.functions.list","cloudfunctions.functions.update","cloudfunctions.operations.get","firebase.projects.get"]}
[debug] [2022-10-28T08:11:02.265Z] >>> [apiv2][query] POST https://iam.googleapis.com/v1/projects/deploytest-1e8cc/serviceAccounts/deploytest-1e8cc@appspot.gserviceaccount.com:testIamPermissions [none]
[debug] [2022-10-28T08:11:02.265Z] >>> [apiv2][body] POST https://iam.googleapis.com/v1/projects/deploytest-1e8cc/serviceAccounts/deploytest-1e8cc@appspot.gserviceaccount.com:testIamPermissions {"permissions":["iam.serviceAccounts.actAs"]}
[debug] [2022-10-28T08:11:02.965Z] <<< [apiv2][status] POST https://iam.googleapis.com/v1/projects/deploytest-1e8cc/serviceAccounts/deploytest-1e8cc@appspot.gserviceaccount.com:testIamPermissions 200
[debug] [2022-10-28T08:11:02.966Z] <<< [apiv2][body] POST https://iam.googleapis.com/v1/projects/deploytest-1e8cc/serviceAccounts/deploytest-1e8cc@appspot.gserviceaccount.com:testIamPermissions {"permissions":["iam.serviceAccounts.actAs"]}
[info] 
[info] === Deploying to 'deploytest-1e8cc'...
[info] 
[info] i  deploying functions 
[info] Running command: npm --prefix "$RESOURCE_DIR" run build
[info] +  functions: Finished running predeploy script. 
[debug] [2022-10-28T08:11:19.251Z] >>> [apiv2][query] GET https://firebase.googleapis.com/v1beta1/projects/deploytest-1e8cc [none]
[debug] [2022-10-28T08:11:19.629Z] <<< [apiv2][status] GET https://firebase.googleapis.com/v1beta1/projects/deploytest-1e8cc 200
[debug] [2022-10-28T08:11:19.629Z] <<< [apiv2][body] GET https://firebase.googleapis.com/v1beta1/projects/deploytest-1e8cc {"projectId":"deploytest-1e8cc","projectNumber":"468117741965","displayName":"deployTest","name":"projects/deploytest-1e8cc","resources":{"hostingSite":"deploytest-1e8cc","storageBucket":"deploytest-1e8cc.appspot.com","locationId":"asia-northeast1"},"state":"ACTIVE","etag":"1_656bd82e-e000-46b9-ac33-b5e575166dbe"}
[info] i  functions: ensuring required API cloudfunctions.googleapis.com is enabled... 
[info] i  functions: ensuring required API cloudbuild.googleapis.com is enabled... 
[info] i  artifactregistry: ensuring required API artifactregistry.googleapis.com is enabled... 
[debug] [2022-10-28T08:11:19.633Z] >>> [apiv2][query] GET https://serviceusage.googleapis.com/v1/projects/deploytest-1e8cc/services/cloudfunctions.googleapis.com [none]
[debug] [2022-10-28T08:11:19.634Z] >>> [apiv2][query] GET https://serviceusage.googleapis.com/v1/projects/deploytest-1e8cc/services/runtimeconfig.googleapis.com [none]
[debug] [2022-10-28T08:11:19.634Z] >>> [apiv2][query] GET https://serviceusage.googleapis.com/v1/projects/deploytest-1e8cc/services/cloudbuild.googleapis.com [none]
[debug] [2022-10-28T08:11:19.635Z] >>> [apiv2][query] GET https://serviceusage.googleapis.com/v1/projects/deploytest-1e8cc/services/artifactregistry.googleapis.com [none]
[debug] [2022-10-28T08:11:20.742Z] <<< [apiv2][status] GET https://serviceusage.googleapis.com/v1/projects/deploytest-1e8cc/services/runtimeconfig.googleapis.com 200
[debug] [2022-10-28T08:11:20.742Z] <<< [apiv2][body] GET https://serviceusage.googleapis.com/v1/projects/deploytest-1e8cc/services/runtimeconfig.googleapis.com [omitted]
[debug] [2022-10-28T08:11:20.756Z] <<< [apiv2][status] GET https://serviceusage.googleapis.com/v1/projects/deploytest-1e8cc/services/artifactregistry.googleapis.com 200
[debug] [2022-10-28T08:11:20.756Z] <<< [apiv2][body] GET https://serviceusage.googleapis.com/v1/projects/deploytest-1e8cc/services/artifactregistry.googleapis.com [omitted]
[warn] !  artifactregistry: missing required API artifactregistry.googleapis.com. Enabling now... 
[debug] [2022-10-28T08:11:20.757Z] >>> [apiv2][query] POST https://serviceusage.googleapis.com/v1/projects/deploytest-1e8cc/services/artifactregistry.googleapis.com:enable [none]
[debug] [2022-10-28T08:11:20.762Z] <<< [apiv2][status] GET https://serviceusage.googleapis.com/v1/projects/deploytest-1e8cc/services/cloudfunctions.googleapis.com 200
[debug] [2022-10-28T08:11:20.762Z] <<< [apiv2][body] GET https://serviceusage.googleapis.com/v1/projects/deploytest-1e8cc/services/cloudfunctions.googleapis.com [omitted]
[info] +  functions: required API cloudfunctions.googleapis.com is enabled 
[debug] [2022-10-28T08:11:20.778Z] <<< [apiv2][status] GET https://serviceusage.googleapis.com/v1/projects/deploytest-1e8cc/services/cloudbuild.googleapis.com 200
[debug] [2022-10-28T08:11:20.778Z] <<< [apiv2][body] GET https://serviceusage.googleapis.com/v1/projects/deploytest-1e8cc/services/cloudbuild.googleapis.com [omitted]
[warn] !  functions: missing required API cloudbuild.googleapis.com. Enabling now... 
[debug] [2022-10-28T08:11:20.779Z] >>> [apiv2][query] POST https://serviceusage.googleapis.com/v1/projects/deploytest-1e8cc/services/cloudbuild.googleapis.com:enable [none]
[debug] [2022-10-28T08:11:22.165Z] <<< [apiv2][status] POST https://serviceusage.googleapis.com/v1/projects/deploytest-1e8cc/services/artifactregistry.googleapis.com:enable 200
[debug] [2022-10-28T08:11:22.165Z] <<< [apiv2][body] POST https://serviceusage.googleapis.com/v1/projects/deploytest-1e8cc/services/artifactregistry.googleapis.com:enable [omitted]
[debug] [2022-10-28T08:11:22.173Z] <<< [apiv2][status] POST https://serviceusage.googleapis.com/v1/projects/deploytest-1e8cc/services/cloudbuild.googleapis.com:enable 200
[debug] [2022-10-28T08:11:22.174Z] <<< [apiv2][body] POST https://serviceusage.googleapis.com/v1/projects/deploytest-1e8cc/services/cloudbuild.googleapis.com:enable [omitted]
[debug] [2022-10-28T08:11:32.181Z] >>> [apiv2][query] GET https://serviceusage.googleapis.com/v1/projects/deploytest-1e8cc/services/artifactregistry.googleapis.com [none]
[debug] [2022-10-28T08:11:32.185Z] >>> [apiv2][query] GET https://serviceusage.googleapis.com/v1/projects/deploytest-1e8cc/services/cloudbuild.googleapis.com [none]
[debug] [2022-10-28T08:11:33.205Z] <<< [apiv2][status] GET https://serviceusage.googleapis.com/v1/projects/deploytest-1e8cc/services/artifactregistry.googleapis.com 200
[debug] [2022-10-28T08:11:33.205Z] <<< [apiv2][body] GET https://serviceusage.googleapis.com/v1/projects/deploytest-1e8cc/services/artifactregistry.googleapis.com [omitted]
[info] +  artifactregistry: required API artifactregistry.googleapis.com is enabled 
[debug] [2022-10-28T08:11:33.218Z] <<< [apiv2][status] GET https://serviceusage.googleapis.com/v1/projects/deploytest-1e8cc/services/cloudbuild.googleapis.com 200
[debug] [2022-10-28T08:11:33.218Z] <<< [apiv2][body] GET https://serviceusage.googleapis.com/v1/projects/deploytest-1e8cc/services/cloudbuild.googleapis.com [omitted]
[info] +  functions: required API cloudbuild.googleapis.com is enabled 
[debug] [2022-10-28T08:11:33.221Z] >>> [apiv2][query] GET https://firebase.googleapis.com/v1beta1/projects/deploytest-1e8cc/adminSdkConfig [none]
[debug] [2022-10-28T08:11:33.573Z] <<< [apiv2][status] GET https://firebase.googleapis.com/v1beta1/projects/deploytest-1e8cc/adminSdkConfig 200
[debug] [2022-10-28T08:11:33.573Z] <<< [apiv2][body] GET https://firebase.googleapis.com/v1beta1/projects/deploytest-1e8cc/adminSdkConfig {"projectId":"deploytest-1e8cc","storageBucket":"deploytest-1e8cc.appspot.com","locationId":"asia-northeast1"}
[debug] [2022-10-28T08:11:33.574Z] >>> [apiv2][query] GET https://runtimeconfig.googleapis.com/v1beta1/projects/deploytest-1e8cc/configs [none]
[debug] [2022-10-28T08:11:34.006Z] <<< [apiv2][status] GET https://runtimeconfig.googleapis.com/v1beta1/projects/deploytest-1e8cc/configs 200
[debug] [2022-10-28T08:11:34.006Z] <<< [apiv2][body] GET https://runtimeconfig.googleapis.com/v1beta1/projects/deploytest-1e8cc/configs {}
[info] i  functions: preparing codebase default for deployment 
[debug] [2022-10-28T08:11:34.009Z] Validating nodejs source
[warn] !  functions: package.json indicates an outdated version of firebase-functions. Please upgrade using npm install --save firebase-functions@latest in your functions directory. 
[warn] !  functions: Please note that there will be breaking changes when you upgrade. 
[debug] [2022-10-28T08:11:36.601Z] > [functions] package.json contents: {
  "name": "functions",
  "scripts": {
    "lint": "eslint --ext .js,.ts .",
    "build": "tsc",
    "build:watch": "tsc --watch",
    "serve": "npm run build && firebase emulators:start --only functions",
    "shell": "npm run build && firebase functions:shell",
    "start": "npm run shell",
    "deploy": "firebase deploy --only functions",
    "logs": "firebase functions:log"
  },
  "engines": {
    "node": "16"
  },
  "main": "lib/index.js",
  "dependencies": {
    "firebase-admin": "^10.0.2",
    "firebase-functions": "^3.18.0",
    "prettier": "^2.7.1"
  },
  "devDependencies": {
    "@typescript-eslint/eslint-plugin": "^5.12.0",
    "@typescript-eslint/parser": "^5.12.0",
    "eslint": "^8.9.0",
    "eslint-config-google": "^0.14.0",
    "eslint-plugin-import": "^2.25.4",
    "firebase-functions-test": "^0.2.0",
    "typescript": "^4.5.4"
  },
  "private": true
}
[debug] [2022-10-28T08:11:36.602Z] Building nodejs source
[info] i  functions: Loaded environment variables from .env. 
[debug] [2022-10-28T08:11:36.605Z] Could not find functions.yaml. Must use http discovery
[debug] [2022-10-28T08:11:37.742Z] Serving at port 9005

[debug] [2022-10-28T08:11:38.794Z] Got response from /__/functions.yaml {"endpoints":{"login":{"platform":"gcfv1","region":["asia-northeast1"],"httpsTrigger":{},"entryPoint":"login"}},"specVersion":"v1alpha1","requiredAPIs":[]}
[debug] [2022-10-28T08:11:38.803Z] shutdown requested via /__/quitquitquit

[info] i  functions: preparing functions directory for uploading... 
[info] i  functions: packaged C:\Users\wakab\Documents\practice\20221016tutorial\functions (111.02 KB) for uploading 
[debug] [2022-10-28T08:11:38.902Z] >>> [apiv2][query] GET https://cloudfunctions.googleapis.com/v1/projects/deploytest-1e8cc/locations/-/functions [none]
[debug] [2022-10-28T08:11:39.581Z] <<< [apiv2][status] GET https://cloudfunctions.googleapis.com/v1/projects/deploytest-1e8cc/locations/-/functions 200
[debug] [2022-10-28T08:11:39.582Z] <<< [apiv2][body] GET https://cloudfunctions.googleapis.com/v1/projects/deploytest-1e8cc/locations/-/functions {}
[debug] [2022-10-28T08:11:39.582Z] >>> [apiv2][query] GET https://cloudfunctions.googleapis.com/v2alpha/projects/deploytest-1e8cc/locations/-/functions [none]
[debug] [2022-10-28T08:11:41.056Z] <<< [apiv2][status] GET https://cloudfunctions.googleapis.com/v2alpha/projects/deploytest-1e8cc/locations/-/functions 200
[debug] [2022-10-28T08:11:41.056Z] <<< [apiv2][body] GET https://cloudfunctions.googleapis.com/v2alpha/projects/deploytest-1e8cc/locations/-/functions {}
[debug] [2022-10-28T08:11:41.061Z] >>> [apiv2][query] GET https://firebase.googleapis.com/v1beta1/projects/deploytest-1e8cc [none]
[debug] [2022-10-28T08:11:41.537Z] <<< [apiv2][status] GET https://firebase.googleapis.com/v1beta1/projects/deploytest-1e8cc 200
[debug] [2022-10-28T08:11:41.538Z] <<< [apiv2][body] GET https://firebase.googleapis.com/v1beta1/projects/deploytest-1e8cc {"projectId":"deploytest-1e8cc","projectNumber":"468117741965","displayName":"deployTest","name":"projects/deploytest-1e8cc","resources":{"hostingSite":"deploytest-1e8cc","storageBucket":"deploytest-1e8cc.appspot.com","locationId":"asia-northeast1"},"state":"ACTIVE","etag":"1_656bd82e-e000-46b9-ac33-b5e575166dbe"}
[debug] [2022-10-28T08:11:41.539Z] [functions] found 1 new HTTP functions, testing setIamPolicy permission...
[debug] [2022-10-28T08:11:41.539Z] >>> [apiv2][query] POST https://cloudresourcemanager.googleapis.com/v1/projects/deploytest-1e8cc:testIamPermissions [none]
[debug] [2022-10-28T08:11:41.539Z] >>> [apiv2][(partial)header] POST https://cloudresourcemanager.googleapis.com/v1/projects/deploytest-1e8cc:testIamPermissions x-goog-quota-user=projects/deploytest-1e8cc
[debug] [2022-10-28T08:11:41.539Z] >>> [apiv2][body] POST https://cloudresourcemanager.googleapis.com/v1/projects/deploytest-1e8cc:testIamPermissions {"permissions":["cloudfunctions.functions.setIamPolicy"]}
[debug] [2022-10-28T08:11:42.175Z] <<< [apiv2][status] POST https://cloudresourcemanager.googleapis.com/v1/projects/deploytest-1e8cc:testIamPermissions 200
[debug] [2022-10-28T08:11:42.176Z] <<< [apiv2][body] POST https://cloudresourcemanager.googleapis.com/v1/projects/deploytest-1e8cc:testIamPermissions {"permissions":["cloudfunctions.functions.setIamPolicy"]}
[debug] [2022-10-28T08:11:42.176Z] [functions] found setIamPolicy permission, proceeding with deploy
[debug] [2022-10-28T08:11:42.177Z] >>> [apiv2][query] POST https://cloudfunctions.googleapis.com/v1/projects/deploytest-1e8cc/locations/asia-northeast1/functions:generateUploadUrl [none]
[debug] [2022-10-28T08:11:42.177Z] >>> [apiv2][body] POST https://cloudfunctions.googleapis.com/v1/projects/deploytest-1e8cc/locations/asia-northeast1/functions:generateUploadUrl {}
[debug] [2022-10-28T08:12:05.773Z] <<< [apiv2][status] POST https://cloudfunctions.googleapis.com/v1/projects/deploytest-1e8cc/locations/asia-northeast1/functions:generateUploadUrl 200
[debug] [2022-10-28T08:12:05.774Z] <<< [apiv2][body] POST https://cloudfunctions.googleapis.com/v1/projects/deploytest-1e8cc/locations/asia-northeast1/functions:generateUploadUrl {"uploadUrl":"https://storage.googleapis.com/uploads-203992961125.asia-northeast1.cloudfunctions.appspot.com/6bce014d-0e3f-40a0-b1b1-ef10c8fb0e13.zip?GoogleAccessId=service-468117741965@gcf-admin-robot.iam.gserviceaccount.com&Expires=1666946526&Signature=bIqjdODf111HWBL2ZhsnFcT%2FKc6NVJNNdGKYCkZa4nMElvFGZFChVmo3cD51nKsRGumIiY8SnMEygvH8dUwAuATCrnhUyGcMmwxv6BDEYnfb%2F4qZ9InXvxypz2ONV2EHulyATM8K5Fz5Bee0Qjz5lOFeIFlANrY6iDLENmAz5jfdo5f%2FtS%2Fp5diiXxxoYxqrFdbTzy0YpqGoOq9tvZMxMKJUbvCbqntMSSZRkH9vP%2FhVK5ueLrY1dOQHeD2ABnhBhG%2BHApVLNoADA5PcZIJX2o4ReLKSuggJRt7jHTcopI4zf6xho%2FKHw40WtGVoy27QZdrTivqVG4FdlpvXLeaSpw%3D%3D"}
[debug] [2022-10-28T08:12:05.775Z] >>> [apiv2][query] PUT https://storage.googleapis.com/uploads-203992961125.asia-northeast1.cloudfunctions.appspot.com/6bce014d-0e3f-40a0-b1b1-ef10c8fb0e13.zip GoogleAccessId=service-468117741965%40gcf-admin-robot.iam.gserviceaccount.com&Expires=1666946526&Signature=bIqjdODf111HWBL2ZhsnFcT%2FKc6NVJNNdGKYCkZa4nMElvFGZFChVmo3cD51nKsRGumIiY8SnMEygvH8dUwAuATCrnhUyGcMmwxv6BDEYnfb%2F4qZ9InXvxypz2ONV2EHulyATM8K5Fz5Bee0Qjz5lOFeIFlANrY6iDLENmAz5jfdo5f%2FtS%2Fp5diiXxxoYxqrFdbTzy0YpqGoOq9tvZMxMKJUbvCbqntMSSZRkH9vP%2FhVK5ueLrY1dOQHeD2ABnhBhG%2BHApVLNoADA5PcZIJX2o4ReLKSuggJRt7jHTcopI4zf6xho%2FKHw40WtGVoy27QZdrTivqVG4FdlpvXLeaSpw%3D%3D
[debug] [2022-10-28T08:12:05.775Z] >>> [apiv2][body] PUT https://storage.googleapis.com/uploads-203992961125.asia-northeast1.cloudfunctions.appspot.com/6bce014d-0e3f-40a0-b1b1-ef10c8fb0e13.zip [stream]
[debug] [2022-10-28T08:12:06.014Z] <<< [apiv2][status] PUT https://storage.googleapis.com/uploads-203992961125.asia-northeast1.cloudfunctions.appspot.com/6bce014d-0e3f-40a0-b1b1-ef10c8fb0e13.zip 200
[debug] [2022-10-28T08:12:06.014Z] <<< [apiv2][body] PUT https://storage.googleapis.com/uploads-203992961125.asia-northeast1.cloudfunctions.appspot.com/6bce014d-0e3f-40a0-b1b1-ef10c8fb0e13.zip [omitted]
[info] +  functions: functions folder uploaded successfully 
[info] i  functions: creating Node.js 16 function login(asia-northeast1)... 
[debug] [2022-10-28T08:12:06.023Z] >>> [apiv2][query] POST https://cloudfunctions.googleapis.com/v1/projects/deploytest-1e8cc/locations/asia-northeast1/functions [none]
[debug] [2022-10-28T08:12:06.023Z] >>> [apiv2][body] POST https://cloudfunctions.googleapis.com/v1/projects/deploytest-1e8cc/locations/asia-northeast1/functions {"name":"projects/deploytest-1e8cc/locations/asia-northeast1/functions/login","sourceUploadUrl":"https://storage.googleapis.com/uploads-203992961125.asia-northeast1.cloudfunctions.appspot.com/6bce014d-0e3f-40a0-b1b1-ef10c8fb0e13.zip?GoogleAccessId=service-468117741965@gcf-admin-robot.iam.gserviceaccount.com&Expires=1666946526&Signature=bIqjdODf111HWBL2ZhsnFcT%2FKc6NVJNNdGKYCkZa4nMElvFGZFChVmo3cD51nKsRGumIiY8SnMEygvH8dUwAuATCrnhUyGcMmwxv6BDEYnfb%2F4qZ9InXvxypz2ONV2EHulyATM8K5Fz5Bee0Qjz5lOFeIFlANrY6iDLENmAz5jfdo5f%2FtS%2Fp5diiXxxoYxqrFdbTzy0YpqGoOq9tvZMxMKJUbvCbqntMSSZRkH9vP%2FhVK5ueLrY1dOQHeD2ABnhBhG%2BHApVLNoADA5PcZIJX2o4ReLKSuggJRt7jHTcopI4zf6xho%2FKHw40WtGVoy27QZdrTivqVG4FdlpvXLeaSpw%3D%3D","entryPoint":"login","runtime":"nodejs16","dockerRegistry":"ARTIFACT_REGISTRY","labels":{"deployment-tool":"cli-firebase"},"httpsTrigger":{"securityLevel":"SECURE_ALWAYS"},"environmentVariables":{"CLIENT_URL":"https://deploytest-1e8cc.firebaseapp.com","LINE_LOGIN_REDIRECT":"https://deploytest-1e8cc.firebaseapp.com","LINE_LOGIN_ID":"1657598962","LINE_SECRET":"32475fa76a13b3f40b316c9d3eb3623f","LINE_ACCESSTOKEN_URL":"https://api.line.me/oauth2/v2.1/token","LINE_PROFILE_URL":"https://api.line.me/oauth2/v2.1/userinfo","LINEBOT_ACCESSTOKEN":"","FIREBASE_CONFIG":"{\"projectId\":\"deploytest-1e8cc\",\"storageBucket\":\"deploytest-1e8cc.appspot.com\",\"locationId\":\"asia-northeast1\"}","GCLOUD_PROJECT":"deploytest-1e8cc"}}
[debug] [2022-10-28T08:12:07.258Z] <<< [apiv2][status] POST https://cloudfunctions.googleapis.com/v1/projects/deploytest-1e8cc/locations/asia-northeast1/functions 200
[debug] [2022-10-28T08:12:07.258Z] <<< [apiv2][body] POST https://cloudfunctions.googleapis.com/v1/projects/deploytest-1e8cc/locations/asia-northeast1/functions {"name":"operations/ZGVwbG95dGVzdC0xZThjYy9hc2lhLW5vcnRoZWFzdDEvbG9naW4vb2VNQnpEX3hlX0k","metadata":{"@type":"type.googleapis.com/google.cloud.functions.v1.OperationMetadataV1","target":"projects/deploytest-1e8cc/locations/asia-northeast1/functions/login","type":"CREATE_FUNCTION","request":{"@type":"type.googleapis.com/google.cloud.functions.v1.CloudFunction","name":"projects/deploytest-1e8cc/locations/asia-northeast1/functions/login","httpsTrigger":{"securityLevel":"SECURE_ALWAYS"},"entryPoint":"login","labels":{"deployment-tool":"cli-firebase"},"sourceUploadUrl":"https://storage.googleapis.com/uploads-203992961125.asia-northeast1.cloudfunctions.appspot.com/6bce014d-0e3f-40a0-b1b1-ef10c8fb0e13.zip?GoogleAccessId=service-468117741965@gcf-admin-robot.iam.gserviceaccount.com&Expires=1666946526&Signature=bIqjdODf111HWBL2ZhsnFcT%2FKc6NVJNNdGKYCkZa4nMElvFGZFChVmo3cD51nKsRGumIiY8SnMEygvH8dUwAuATCrnhUyGcMmwxv6BDEYnfb%2F4qZ9InXvxypz2ONV2EHulyATM8K5Fz5Bee0Qjz5lOFeIFlANrY6iDLENmAz5jfdo5f%2FtS%2Fp5diiXxxoYxqrFdbTzy0YpqGoOq9tvZMxMKJUbvCbqntMSSZRkH9vP%2FhVK5ueLrY1dOQHeD2ABnhBhG%2BHApVLNoADA5PcZIJX2o4ReLKSuggJRt7jHTcopI4zf6xho%2FKHw40WtGVoy27QZdrTivqVG4FdlpvXLeaSpw%3D%3D","environmentVariables":{"CLIENT_URL":"https://deploytest-1e8cc.firebaseapp.com","LINE_LOGIN_REDIRECT":"https://deploytest-1e8cc.firebaseapp.com","LINE_LOGIN_ID":"1657598962","LINE_SECRET":"32475fa76a13b3f40b316c9d3eb3623f","LINE_ACCESSTOKEN_URL":"https://api.line.me/oauth2/v2.1/token","LINE_PROFILE_URL":"https://api.line.me/oauth2/v2.1/userinfo","LINEBOT_ACCESSTOKEN":"","FIREBASE_CONFIG":"{\"projectId\":\"deploytest-1e8cc\",\"storageBucket\":\"deploytest-1e8cc.appspot.com\",\"locationId\":\"asia-northeast1\"}","GCLOUD_PROJECT":"deploytest-1e8cc"},"runtime":"nodejs16","dockerRegistry":"ARTIFACT_REGISTRY"},"versionId":"1","updateTime":"2022-10-28T08:12:07Z"}}
[debug] [2022-10-28T08:12:07.260Z] >>> [apiv2][query] GET https://cloudfunctions.googleapis.com/v1/operations/ZGVwbG95dGVzdC0xZThjYy9hc2lhLW5vcnRoZWFzdDEvbG9naW4vb2VNQnpEX3hlX0k [none]
[debug] [2022-10-28T08:12:07.611Z] <<< [apiv2][status] GET https://cloudfunctions.googleapis.com/v1/operations/ZGVwbG95dGVzdC0xZThjYy9hc2lhLW5vcnRoZWFzdDEvbG9naW4vb2VNQnpEX3hlX0k 200
[debug] [2022-10-28T08:12:07.611Z] <<< [apiv2][body] GET https://cloudfunctions.googleapis.com/v1/operations/ZGVwbG95dGVzdC0xZThjYy9hc2lhLW5vcnRoZWFzdDEvbG9naW4vb2VNQnpEX3hlX0k {"name":"operations/ZGVwbG95dGVzdC0xZThjYy9hc2lhLW5vcnRoZWFzdDEvbG9naW4vb2VNQnpEX3hlX0k","metadata":{"@type":"type.googleapis.com/google.cloud.functions.v1.OperationMetadataV1","target":"projects/deploytest-1e8cc/locations/asia-northeast1/functions/login","type":"CREATE_FUNCTION","request":{"@type":"type.googleapis.com/google.cloud.functions.v1.CloudFunction","name":"projects/deploytest-1e8cc/locations/asia-northeast1/functions/login","httpsTrigger":{"securityLevel":"SECURE_ALWAYS"},"entryPoint":"login","labels":{"deployment-tool":"cli-firebase"},"sourceUploadUrl":"https://storage.googleapis.com/uploads-203992961125.asia-northeast1.cloudfunctions.appspot.com/6bce014d-0e3f-40a0-b1b1-ef10c8fb0e13.zip?GoogleAccessId=service-468117741965@gcf-admin-robot.iam.gserviceaccount.com&Expires=1666946526&Signature=bIqjdODf111HWBL2ZhsnFcT%2FKc6NVJNNdGKYCkZa4nMElvFGZFChVmo3cD51nKsRGumIiY8SnMEygvH8dUwAuATCrnhUyGcMmwxv6BDEYnfb%2F4qZ9InXvxypz2ONV2EHulyATM8K5Fz5Bee0Qjz5lOFeIFlANrY6iDLENmAz5jfdo5f%2FtS%2Fp5diiXxxoYxqrFdbTzy0YpqGoOq9tvZMxMKJUbvCbqntMSSZRkH9vP%2FhVK5ueLrY1dOQHeD2ABnhBhG%2BHApVLNoADA5PcZIJX2o4ReLKSuggJRt7jHTcopI4zf6xho%2FKHw40WtGVoy27QZdrTivqVG4FdlpvXLeaSpw%3D%3D","environmentVariables":{"CLIENT_URL":"https://deploytest-1e8cc.firebaseapp.com","LINE_LOGIN_REDIRECT":"https://deploytest-1e8cc.firebaseapp.com","LINE_LOGIN_ID":"1657598962","LINE_SECRET":"32475fa76a13b3f40b316c9d3eb3623f","LINE_ACCESSTOKEN_URL":"https://api.line.me/oauth2/v2.1/token","LINE_PROFILE_URL":"https://api.line.me/oauth2/v2.1/userinfo","LINEBOT_ACCESSTOKEN":"","FIREBASE_CONFIG":"{\"projectId\":\"deploytest-1e8cc\",\"storageBucket\":\"deploytest-1e8cc.appspot.com\",\"locationId\":\"asia-northeast1\"}","GCLOUD_PROJECT":"deploytest-1e8cc"},"runtime":"nodejs16","dockerRegistry":"ARTIFACT_REGISTRY"},"versionId":"1","updateTime":"2022-10-28T08:12:07Z"}}
[debug] [2022-10-28T08:12:08.121Z] [create-default-asia-northeast1-login] Retrying task index 0
[debug] [2022-10-28T08:12:08.122Z] >>> [apiv2][query] GET https://cloudfunctions.googleapis.com/v1/operations/ZGVwbG95dGVzdC0xZThjYy9hc2lhLW5vcnRoZWFzdDEvbG9naW4vb2VNQnpEX3hlX0k [none]
[debug] [2022-10-28T08:12:08.625Z] <<< [apiv2][status] GET https://cloudfunctions.googleapis.com/v1/operations/ZGVwbG95dGVzdC0xZThjYy9hc2lhLW5vcnRoZWFzdDEvbG9naW4vb2VNQnpEX3hlX0k 200
[debug] [2022-10-28T08:12:08.625Z] <<< [apiv2][body] GET https://cloudfunctions.googleapis.com/v1/operations/ZGVwbG95dGVzdC0xZThjYy9hc2lhLW5vcnRoZWFzdDEvbG9naW4vb2VNQnpEX3hlX0k {"name":"operations/ZGVwbG95dGVzdC0xZThjYy9hc2lhLW5vcnRoZWFzdDEvbG9naW4vb2VNQnpEX3hlX0k","metadata":{"@type":"type.googleapis.com/google.cloud.functions.v1.OperationMetadataV1","target":"projects/deploytest-1e8cc/locations/asia-northeast1/functions/login","type":"CREATE_FUNCTION","request":{"@type":"type.googleapis.com/google.cloud.functions.v1.CloudFunction","name":"projects/deploytest-1e8cc/locations/asia-northeast1/functions/login","httpsTrigger":{"securityLevel":"SECURE_ALWAYS"},"entryPoint":"login","labels":{"deployment-tool":"cli-firebase"},"sourceUploadUrl":"https://storage.googleapis.com/uploads-203992961125.asia-northeast1.cloudfunctions.appspot.com/6bce014d-0e3f-40a0-b1b1-ef10c8fb0e13.zip?GoogleAccessId=service-468117741965@gcf-admin-robot.iam.gserviceaccount.com&Expires=1666946526&Signature=bIqjdODf111HWBL2ZhsnFcT%2FKc6NVJNNdGKYCkZa4nMElvFGZFChVmo3cD51nKsRGumIiY8SnMEygvH8dUwAuATCrnhUyGcMmwxv6BDEYnfb%2F4qZ9InXvxypz2ONV2EHulyATM8K5Fz5Bee0Qjz5lOFeIFlANrY6iDLENmAz5jfdo5f%2FtS%2Fp5diiXxxoYxqrFdbTzy0YpqGoOq9tvZMxMKJUbvCbqntMSSZRkH9vP%2FhVK5ueLrY1dOQHeD2ABnhBhG%2BHApVLNoADA5PcZIJX2o4ReLKSuggJRt7jHTcopI4zf6xho%2FKHw40WtGVoy27QZdrTivqVG4FdlpvXLeaSpw%3D%3D","environmentVariables":{"CLIENT_URL":"https://deploytest-1e8cc.firebaseapp.com","LINE_LOGIN_REDIRECT":"https://deploytest-1e8cc.firebaseapp.com","LINE_LOGIN_ID":"1657598962","LINE_SECRET":"32475fa76a13b3f40b316c9d3eb3623f","LINE_ACCESSTOKEN_URL":"https://api.line.me/oauth2/v2.1/token","LINE_PROFILE_URL":"https://api.line.me/oauth2/v2.1/userinfo","LINEBOT_ACCESSTOKEN":"","FIREBASE_CONFIG":"{\"projectId\":\"deploytest-1e8cc\",\"storageBucket\":\"deploytest-1e8cc.appspot.com\",\"locationId\":\"asia-northeast1\"}","GCLOUD_PROJECT":"deploytest-1e8cc"},"runtime":"nodejs16","dockerRegistry":"ARTIFACT_REGISTRY"},"versionId":"1","updateTime":"2022-10-28T08:12:08Z"}}
[debug] [2022-10-28T08:12:09.635Z] [create-default-asia-northeast1-login] Retrying task index 0
[debug] [2022-10-28T08:12:09.635Z] >>> [apiv2][query] GET https://cloudfunctions.googleapis.com/v1/operations/ZGVwbG95dGVzdC0xZThjYy9hc2lhLW5vcnRoZWFzdDEvbG9naW4vb2VNQnpEX3hlX0k [none]
[debug] [2022-10-28T08:12:09.985Z] <<< [apiv2][status] GET https://cloudfunctions.googleapis.com/v1/operations/ZGVwbG95dGVzdC0xZThjYy9hc2lhLW5vcnRoZWFzdDEvbG9naW4vb2VNQnpEX3hlX0k 200
[debug] [2022-10-28T08:12:09.986Z] <<< [apiv2][body] GET https://cloudfunctions.googleapis.com/v1/operations/ZGVwbG95dGVzdC0xZThjYy9hc2lhLW5vcnRoZWFzdDEvbG9naW4vb2VNQnpEX3hlX0k {"name":"operations/ZGVwbG95dGVzdC0xZThjYy9hc2lhLW5vcnRoZWFzdDEvbG9naW4vb2VNQnpEX3hlX0k","metadata":{"@type":"type.googleapis.com/google.cloud.functions.v1.OperationMetadataV1","target":"projects/deploytest-1e8cc/locations/asia-northeast1/functions/login","type":"CREATE_FUNCTION","request":{"@type":"type.googleapis.com/google.cloud.functions.v1.CloudFunction","name":"projects/deploytest-1e8cc/locations/asia-northeast1/functions/login","httpsTrigger":{"securityLevel":"SECURE_ALWAYS"},"entryPoint":"login","labels":{"deployment-tool":"cli-firebase"},"sourceUploadUrl":"https://storage.googleapis.com/uploads-203992961125.asia-northeast1.cloudfunctions.appspot.com/6bce014d-0e3f-40a0-b1b1-ef10c8fb0e13.zip?GoogleAccessId=service-468117741965@gcf-admin-robot.iam.gserviceaccount.com&Expires=1666946526&Signature=bIqjdODf111HWBL2ZhsnFcT%2FKc6NVJNNdGKYCkZa4nMElvFGZFChVmo3cD51nKsRGumIiY8SnMEygvH8dUwAuATCrnhUyGcMmwxv6BDEYnfb%2F4qZ9InXvxypz2ONV2EHulyATM8K5Fz5Bee0Qjz5lOFeIFlANrY6iDLENmAz5jfdo5f%2FtS%2Fp5diiXxxoYxqrFdbTzy0YpqGoOq9tvZMxMKJUbvCbqntMSSZRkH9vP%2FhVK5ueLrY1dOQHeD2ABnhBhG%2BHApVLNoADA5PcZIJX2o4ReLKSuggJRt7jHTcopI4zf6xho%2FKHw40WtGVoy27QZdrTivqVG4FdlpvXLeaSpw%3D%3D","environmentVariables":{"CLIENT_URL":"https://deploytest-1e8cc.firebaseapp.com","LINE_LOGIN_REDIRECT":"https://deploytest-1e8cc.firebaseapp.com","LINE_LOGIN_ID":"1657598962","LINE_SECRET":"32475fa76a13b3f40b316c9d3eb3623f","LINE_ACCESSTOKEN_URL":"https://api.line.me/oauth2/v2.1/token","LINE_PROFILE_URL":"https://api.line.me/oauth2/v2.1/userinfo","LINEBOT_ACCESSTOKEN":"","FIREBASE_CONFIG":"{\"projectId\":\"deploytest-1e8cc\",\"storageBucket\":\"deploytest-1e8cc.appspot.com\",\"locationId\":\"asia-northeast1\"}","GCLOUD_PROJECT":"deploytest-1e8cc"},"runtime":"nodejs16","dockerRegistry":"ARTIFACT_REGISTRY"},"versionId":"1","updateTime":"2022-10-28T08:12:08Z"}}
[debug] [2022-10-28T08:12:11.988Z] [create-default-asia-northeast1-login] Retrying task index 0
[debug] [2022-10-28T08:12:11.989Z] >>> [apiv2][query] GET https://cloudfunctions.googleapis.com/v1/operations/ZGVwbG95dGVzdC0xZThjYy9hc2lhLW5vcnRoZWFzdDEvbG9naW4vb2VNQnpEX3hlX0k [none]
[debug] [2022-10-28T08:12:12.345Z] <<< [apiv2][status] GET https://cloudfunctions.googleapis.com/v1/operations/ZGVwbG95dGVzdC0xZThjYy9hc2lhLW5vcnRoZWFzdDEvbG9naW4vb2VNQnpEX3hlX0k 200
[debug] [2022-10-28T08:12:12.346Z] <<< [apiv2][body] GET https://cloudfunctions.googleapis.com/v1/operations/ZGVwbG95dGVzdC0xZThjYy9hc2lhLW5vcnRoZWFzdDEvbG9naW4vb2VNQnpEX3hlX0k {"name":"operations/ZGVwbG95dGVzdC0xZThjYy9hc2lhLW5vcnRoZWFzdDEvbG9naW4vb2VNQnpEX3hlX0k","metadata":{"@type":"type.googleapis.com/google.cloud.functions.v1.OperationMetadataV1","target":"projects/deploytest-1e8cc/locations/asia-northeast1/functions/login","type":"CREATE_FUNCTION","request":{"@type":"type.googleapis.com/google.cloud.functions.v1.CloudFunction","name":"projects/deploytest-1e8cc/locations/asia-northeast1/functions/login","httpsTrigger":{"securityLevel":"SECURE_ALWAYS"},"entryPoint":"login","labels":{"deployment-tool":"cli-firebase"},"sourceUploadUrl":"https://storage.googleapis.com/uploads-203992961125.asia-northeast1.cloudfunctions.appspot.com/6bce014d-0e3f-40a0-b1b1-ef10c8fb0e13.zip?GoogleAccessId=service-468117741965@gcf-admin-robot.iam.gserviceaccount.com&Expires=1666946526&Signature=bIqjdODf111HWBL2ZhsnFcT%2FKc6NVJNNdGKYCkZa4nMElvFGZFChVmo3cD51nKsRGumIiY8SnMEygvH8dUwAuATCrnhUyGcMmwxv6BDEYnfb%2F4qZ9InXvxypz2ONV2EHulyATM8K5Fz5Bee0Qjz5lOFeIFlANrY6iDLENmAz5jfdo5f%2FtS%2Fp5diiXxxoYxqrFdbTzy0YpqGoOq9tvZMxMKJUbvCbqntMSSZRkH9vP%2FhVK5ueLrY1dOQHeD2ABnhBhG%2BHApVLNoADA5PcZIJX2o4ReLKSuggJRt7jHTcopI4zf6xho%2FKHw40WtGVoy27QZdrTivqVG4FdlpvXLeaSpw%3D%3D","environmentVariables":{"CLIENT_URL":"https://deploytest-1e8cc.firebaseapp.com","LINE_LOGIN_REDIRECT":"https://deploytest-1e8cc.firebaseapp.com","LINE_LOGIN_ID":"1657598962","LINE_SECRET":"32475fa76a13b3f40b316c9d3eb3623f","LINE_ACCESSTOKEN_URL":"https://api.line.me/oauth2/v2.1/token","LINE_PROFILE_URL":"https://api.line.me/oauth2/v2.1/userinfo","LINEBOT_ACCESSTOKEN":"","FIREBASE_CONFIG":"{\"projectId\":\"deploytest-1e8cc\",\"storageBucket\":\"deploytest-1e8cc.appspot.com\",\"locationId\":\"asia-northeast1\"}","GCLOUD_PROJECT":"deploytest-1e8cc"},"runtime":"nodejs16","dockerRegistry":"ARTIFACT_REGISTRY"},"versionId":"1","updateTime":"2022-10-28T08:12:08Z"}}
[debug] [2022-10-28T08:12:16.347Z] [create-default-asia-northeast1-login] Retrying task index 0
[debug] [2022-10-28T08:12:16.348Z] >>> [apiv2][query] GET https://cloudfunctions.googleapis.com/v1/operations/ZGVwbG95dGVzdC0xZThjYy9hc2lhLW5vcnRoZWFzdDEvbG9naW4vb2VNQnpEX3hlX0k [none]
[debug] [2022-10-28T08:12:16.696Z] <<< [apiv2][status] GET https://cloudfunctions.googleapis.com/v1/operations/ZGVwbG95dGVzdC0xZThjYy9hc2lhLW5vcnRoZWFzdDEvbG9naW4vb2VNQnpEX3hlX0k 200
[debug] [2022-10-28T08:12:16.696Z] <<< [apiv2][body] GET https://cloudfunctions.googleapis.com/v1/operations/ZGVwbG95dGVzdC0xZThjYy9hc2lhLW5vcnRoZWFzdDEvbG9naW4vb2VNQnpEX3hlX0k {"name":"operations/ZGVwbG95dGVzdC0xZThjYy9hc2lhLW5vcnRoZWFzdDEvbG9naW4vb2VNQnpEX3hlX0k","metadata":{"@type":"type.googleapis.com/google.cloud.functions.v1.OperationMetadataV1","target":"projects/deploytest-1e8cc/locations/asia-northeast1/functions/login","type":"CREATE_FUNCTION","request":{"@type":"type.googleapis.com/google.cloud.functions.v1.CloudFunction","name":"projects/deploytest-1e8cc/locations/asia-northeast1/functions/login","httpsTrigger":{"securityLevel":"SECURE_ALWAYS"},"entryPoint":"login","labels":{"deployment-tool":"cli-firebase"},"sourceUploadUrl":"https://storage.googleapis.com/uploads-203992961125.asia-northeast1.cloudfunctions.appspot.com/6bce014d-0e3f-40a0-b1b1-ef10c8fb0e13.zip?GoogleAccessId=service-468117741965@gcf-admin-robot.iam.gserviceaccount.com&Expires=1666946526&Signature=bIqjdODf111HWBL2ZhsnFcT%2FKc6NVJNNdGKYCkZa4nMElvFGZFChVmo3cD51nKsRGumIiY8SnMEygvH8dUwAuATCrnhUyGcMmwxv6BDEYnfb%2F4qZ9InXvxypz2ONV2EHulyATM8K5Fz5Bee0Qjz5lOFeIFlANrY6iDLENmAz5jfdo5f%2FtS%2Fp5diiXxxoYxqrFdbTzy0YpqGoOq9tvZMxMKJUbvCbqntMSSZRkH9vP%2FhVK5ueLrY1dOQHeD2ABnhBhG%2BHApVLNoADA5PcZIJX2o4ReLKSuggJRt7jHTcopI4zf6xho%2FKHw40WtGVoy27QZdrTivqVG4FdlpvXLeaSpw%3D%3D","environmentVariables":{"CLIENT_URL":"https://deploytest-1e8cc.firebaseapp.com","LINE_LOGIN_REDIRECT":"https://deploytest-1e8cc.firebaseapp.com","LINE_LOGIN_ID":"1657598962","LINE_SECRET":"32475fa76a13b3f40b316c9d3eb3623f","LINE_ACCESSTOKEN_URL":"https://api.line.me/oauth2/v2.1/token","LINE_PROFILE_URL":"https://api.line.me/oauth2/v2.1/userinfo","LINEBOT_ACCESSTOKEN":"","FIREBASE_CONFIG":"{\"projectId\":\"deploytest-1e8cc\",\"storageBucket\":\"deploytest-1e8cc.appspot.com\",\"locationId\":\"asia-northeast1\"}","GCLOUD_PROJECT":"deploytest-1e8cc"},"runtime":"nodejs16","dockerRegistry":"ARTIFACT_REGISTRY"},"versionId":"1","updateTime":"2022-10-28T08:12:08Z"}}
[debug] [2022-10-28T08:12:24.702Z] [create-default-asia-northeast1-login] Retrying task index 0
[debug] [2022-10-28T08:12:24.703Z] >>> [apiv2][query] GET https://cloudfunctions.googleapis.com/v1/operations/ZGVwbG95dGVzdC0xZThjYy9hc2lhLW5vcnRoZWFzdDEvbG9naW4vb2VNQnpEX3hlX0k [none]
[debug] [2022-10-28T08:12:25.204Z] <<< [apiv2][status] GET https://cloudfunctions.googleapis.com/v1/operations/ZGVwbG95dGVzdC0xZThjYy9hc2lhLW5vcnRoZWFzdDEvbG9naW4vb2VNQnpEX3hlX0k 200
[debug] [2022-10-28T08:12:25.204Z] <<< [apiv2][body] GET https://cloudfunctions.googleapis.com/v1/operations/ZGVwbG95dGVzdC0xZThjYy9hc2lhLW5vcnRoZWFzdDEvbG9naW4vb2VNQnpEX3hlX0k {"name":"operations/ZGVwbG95dGVzdC0xZThjYy9hc2lhLW5vcnRoZWFzdDEvbG9naW4vb2VNQnpEX3hlX0k","metadata":{"@type":"type.googleapis.com/google.cloud.functions.v1.OperationMetadataV1","target":"projects/deploytest-1e8cc/locations/asia-northeast1/functions/login","type":"CREATE_FUNCTION","request":{"@type":"type.googleapis.com/google.cloud.functions.v1.CloudFunction","name":"projects/deploytest-1e8cc/locations/asia-northeast1/functions/login","httpsTrigger":{"securityLevel":"SECURE_ALWAYS"},"entryPoint":"login","labels":{"deployment-tool":"cli-firebase"},"sourceUploadUrl":"https://storage.googleapis.com/uploads-203992961125.asia-northeast1.cloudfunctions.appspot.com/6bce014d-0e3f-40a0-b1b1-ef10c8fb0e13.zip?GoogleAccessId=service-468117741965@gcf-admin-robot.iam.gserviceaccount.com&Expires=1666946526&Signature=bIqjdODf111HWBL2ZhsnFcT%2FKc6NVJNNdGKYCkZa4nMElvFGZFChVmo3cD51nKsRGumIiY8SnMEygvH8dUwAuATCrnhUyGcMmwxv6BDEYnfb%2F4qZ9InXvxypz2ONV2EHulyATM8K5Fz5Bee0Qjz5lOFeIFlANrY6iDLENmAz5jfdo5f%2FtS%2Fp5diiXxxoYxqrFdbTzy0YpqGoOq9tvZMxMKJUbvCbqntMSSZRkH9vP%2FhVK5ueLrY1dOQHeD2ABnhBhG%2BHApVLNoADA5PcZIJX2o4ReLKSuggJRt7jHTcopI4zf6xho%2FKHw40WtGVoy27QZdrTivqVG4FdlpvXLeaSpw%3D%3D","environmentVariables":{"CLIENT_URL":"https://deploytest-1e8cc.firebaseapp.com","LINE_LOGIN_REDIRECT":"https://deploytest-1e8cc.firebaseapp.com","LINE_LOGIN_ID":"1657598962","LINE_SECRET":"32475fa76a13b3f40b316c9d3eb3623f","LINE_ACCESSTOKEN_URL":"https://api.line.me/oauth2/v2.1/token","LINE_PROFILE_URL":"https://api.line.me/oauth2/v2.1/userinfo","LINEBOT_ACCESSTOKEN":"","FIREBASE_CONFIG":"{\"projectId\":\"deploytest-1e8cc\",\"storageBucket\":\"deploytest-1e8cc.appspot.com\",\"locationId\":\"asia-northeast1\"}","GCLOUD_PROJECT":"deploytest-1e8cc"},"runtime":"nodejs16","dockerRegistry":"ARTIFACT_REGISTRY"},"versionId":"1","updateTime":"2022-10-28T08:12:08Z","buildId":"c87ed056-804b-413a-8695-49e87d923d1a","buildName":"projects/468117741965/locations/asia-northeast1/builds/c87ed056-804b-413a-8695-49e87d923d1a"}}
[debug] [2022-10-28T08:12:35.211Z] [create-default-asia-northeast1-login] Retrying task index 0
[debug] [2022-10-28T08:12:35.211Z] >>> [apiv2][query] GET https://cloudfunctions.googleapis.com/v1/operations/ZGVwbG95dGVzdC0xZThjYy9hc2lhLW5vcnRoZWFzdDEvbG9naW4vb2VNQnpEX3hlX0k [none]
[debug] [2022-10-28T08:12:35.889Z] <<< [apiv2][status] GET https://cloudfunctions.googleapis.com/v1/operations/ZGVwbG95dGVzdC0xZThjYy9hc2lhLW5vcnRoZWFzdDEvbG9naW4vb2VNQnpEX3hlX0k 200
[debug] [2022-10-28T08:12:35.889Z] <<< [apiv2][body] GET https://cloudfunctions.googleapis.com/v1/operations/ZGVwbG95dGVzdC0xZThjYy9hc2lhLW5vcnRoZWFzdDEvbG9naW4vb2VNQnpEX3hlX0k {"name":"operations/ZGVwbG95dGVzdC0xZThjYy9hc2lhLW5vcnRoZWFzdDEvbG9naW4vb2VNQnpEX3hlX0k","metadata":{"@type":"type.googleapis.com/google.cloud.functions.v1.OperationMetadataV1","target":"projects/deploytest-1e8cc/locations/asia-northeast1/functions/login","type":"CREATE_FUNCTION","request":{"@type":"type.googleapis.com/google.cloud.functions.v1.CloudFunction","name":"projects/deploytest-1e8cc/locations/asia-northeast1/functions/login","httpsTrigger":{"securityLevel":"SECURE_ALWAYS"},"entryPoint":"login","labels":{"deployment-tool":"cli-firebase"},"sourceUploadUrl":"https://storage.googleapis.com/uploads-203992961125.asia-northeast1.cloudfunctions.appspot.com/6bce014d-0e3f-40a0-b1b1-ef10c8fb0e13.zip?GoogleAccessId=service-468117741965@gcf-admin-robot.iam.gserviceaccount.com&Expires=1666946526&Signature=bIqjdODf111HWBL2ZhsnFcT%2FKc6NVJNNdGKYCkZa4nMElvFGZFChVmo3cD51nKsRGumIiY8SnMEygvH8dUwAuATCrnhUyGcMmwxv6BDEYnfb%2F4qZ9InXvxypz2ONV2EHulyATM8K5Fz5Bee0Qjz5lOFeIFlANrY6iDLENmAz5jfdo5f%2FtS%2Fp5diiXxxoYxqrFdbTzy0YpqGoOq9tvZMxMKJUbvCbqntMSSZRkH9vP%2FhVK5ueLrY1dOQHeD2ABnhBhG%2BHApVLNoADA5PcZIJX2o4ReLKSuggJRt7jHTcopI4zf6xho%2FKHw40WtGVoy27QZdrTivqVG4FdlpvXLeaSpw%3D%3D","environmentVariables":{"CLIENT_URL":"https://deploytest-1e8cc.firebaseapp.com","LINE_LOGIN_REDIRECT":"https://deploytest-1e8cc.firebaseapp.com","LINE_LOGIN_ID":"1657598962","LINE_SECRET":"32475fa76a13b3f40b316c9d3eb3623f","LINE_ACCESSTOKEN_URL":"https://api.line.me/oauth2/v2.1/token","LINE_PROFILE_URL":"https://api.line.me/oauth2/v2.1/userinfo","LINEBOT_ACCESSTOKEN":"","FIREBASE_CONFIG":"{\"projectId\":\"deploytest-1e8cc\",\"storageBucket\":\"deploytest-1e8cc.appspot.com\",\"locationId\":\"asia-northeast1\"}","GCLOUD_PROJECT":"deploytest-1e8cc"},"runtime":"nodejs16","dockerRegistry":"ARTIFACT_REGISTRY"},"versionId":"1","updateTime":"2022-10-28T08:12:08Z","buildId":"c87ed056-804b-413a-8695-49e87d923d1a","buildName":"projects/468117741965/locations/asia-northeast1/builds/c87ed056-804b-413a-8695-49e87d923d1a"}}
[debug] [2022-10-28T08:12:45.894Z] [create-default-asia-northeast1-login] Retrying task index 0
[debug] [2022-10-28T08:12:45.894Z] >>> [apiv2][query] GET https://cloudfunctions.googleapis.com/v1/operations/ZGVwbG95dGVzdC0xZThjYy9hc2lhLW5vcnRoZWFzdDEvbG9naW4vb2VNQnpEX3hlX0k [none]
[debug] [2022-10-28T08:12:46.629Z] <<< [apiv2][status] GET https://cloudfunctions.googleapis.com/v1/operations/ZGVwbG95dGVzdC0xZThjYy9hc2lhLW5vcnRoZWFzdDEvbG9naW4vb2VNQnpEX3hlX0k 200
[debug] [2022-10-28T08:12:46.629Z] <<< [apiv2][body] GET https://cloudfunctions.googleapis.com/v1/operations/ZGVwbG95dGVzdC0xZThjYy9hc2lhLW5vcnRoZWFzdDEvbG9naW4vb2VNQnpEX3hlX0k {"name":"operations/ZGVwbG95dGVzdC0xZThjYy9hc2lhLW5vcnRoZWFzdDEvbG9naW4vb2VNQnpEX3hlX0k","metadata":{"@type":"type.googleapis.com/google.cloud.functions.v1.OperationMetadataV1","target":"projects/deploytest-1e8cc/locations/asia-northeast1/functions/login","type":"CREATE_FUNCTION","request":{"@type":"type.googleapis.com/google.cloud.functions.v1.CloudFunction","name":"projects/deploytest-1e8cc/locations/asia-northeast1/functions/login","httpsTrigger":{"securityLevel":"SECURE_ALWAYS"},"entryPoint":"login","labels":{"deployment-tool":"cli-firebase"},"sourceUploadUrl":"https://storage.googleapis.com/uploads-203992961125.asia-northeast1.cloudfunctions.appspot.com/6bce014d-0e3f-40a0-b1b1-ef10c8fb0e13.zip?GoogleAccessId=service-468117741965@gcf-admin-robot.iam.gserviceaccount.com&Expires=1666946526&Signature=bIqjdODf111HWBL2ZhsnFcT%2FKc6NVJNNdGKYCkZa4nMElvFGZFChVmo3cD51nKsRGumIiY8SnMEygvH8dUwAuATCrnhUyGcMmwxv6BDEYnfb%2F4qZ9InXvxypz2ONV2EHulyATM8K5Fz5Bee0Qjz5lOFeIFlANrY6iDLENmAz5jfdo5f%2FtS%2Fp5diiXxxoYxqrFdbTzy0YpqGoOq9tvZMxMKJUbvCbqntMSSZRkH9vP%2FhVK5ueLrY1dOQHeD2ABnhBhG%2BHApVLNoADA5PcZIJX2o4ReLKSuggJRt7jHTcopI4zf6xho%2FKHw40WtGVoy27QZdrTivqVG4FdlpvXLeaSpw%3D%3D","environmentVariables":{"CLIENT_URL":"https://deploytest-1e8cc.firebaseapp.com","LINE_LOGIN_REDIRECT":"https://deploytest-1e8cc.firebaseapp.com","LINE_LOGIN_ID":"1657598962","LINE_SECRET":"32475fa76a13b3f40b316c9d3eb3623f","LINE_ACCESSTOKEN_URL":"https://api.line.me/oauth2/v2.1/token","LINE_PROFILE_URL":"https://api.line.me/oauth2/v2.1/userinfo","LINEBOT_ACCESSTOKEN":"","FIREBASE_CONFIG":"{\"projectId\":\"deploytest-1e8cc\",\"storageBucket\":\"deploytest-1e8cc.appspot.com\",\"locationId\":\"asia-northeast1\"}","GCLOUD_PROJECT":"deploytest-1e8cc"},"runtime":"nodejs16","dockerRegistry":"ARTIFACT_REGISTRY"},"versionId":"1","updateTime":"2022-10-28T08:12:08Z","buildId":"c87ed056-804b-413a-8695-49e87d923d1a","buildName":"projects/468117741965/locations/asia-northeast1/builds/c87ed056-804b-413a-8695-49e87d923d1a"}}
[debug] [2022-10-28T08:12:56.638Z] [create-default-asia-northeast1-login] Retrying task index 0
[debug] [2022-10-28T08:12:56.638Z] >>> [apiv2][query] GET https://cloudfunctions.googleapis.com/v1/operations/ZGVwbG95dGVzdC0xZThjYy9hc2lhLW5vcnRoZWFzdDEvbG9naW4vb2VNQnpEX3hlX0k [none]
[debug] [2022-10-28T08:12:57.011Z] <<< [apiv2][status] GET https://cloudfunctions.googleapis.com/v1/operations/ZGVwbG95dGVzdC0xZThjYy9hc2lhLW5vcnRoZWFzdDEvbG9naW4vb2VNQnpEX3hlX0k 200
[debug] [2022-10-28T08:12:57.011Z] <<< [apiv2][body] GET https://cloudfunctions.googleapis.com/v1/operations/ZGVwbG95dGVzdC0xZThjYy9hc2lhLW5vcnRoZWFzdDEvbG9naW4vb2VNQnpEX3hlX0k {"name":"operations/ZGVwbG95dGVzdC0xZThjYy9hc2lhLW5vcnRoZWFzdDEvbG9naW4vb2VNQnpEX3hlX0k","metadata":{"@type":"type.googleapis.com/google.cloud.functions.v1.OperationMetadataV1","target":"projects/deploytest-1e8cc/locations/asia-northeast1/functions/login","type":"CREATE_FUNCTION","request":{"@type":"type.googleapis.com/google.cloud.functions.v1.CloudFunction","name":"projects/deploytest-1e8cc/locations/asia-northeast1/functions/login","httpsTrigger":{"securityLevel":"SECURE_ALWAYS"},"entryPoint":"login","labels":{"deployment-tool":"cli-firebase"},"sourceUploadUrl":"https://storage.googleapis.com/uploads-203992961125.asia-northeast1.cloudfunctions.appspot.com/6bce014d-0e3f-40a0-b1b1-ef10c8fb0e13.zip?GoogleAccessId=service-468117741965@gcf-admin-robot.iam.gserviceaccount.com&Expires=1666946526&Signature=bIqjdODf111HWBL2ZhsnFcT%2FKc6NVJNNdGKYCkZa4nMElvFGZFChVmo3cD51nKsRGumIiY8SnMEygvH8dUwAuATCrnhUyGcMmwxv6BDEYnfb%2F4qZ9InXvxypz2ONV2EHulyATM8K5Fz5Bee0Qjz5lOFeIFlANrY6iDLENmAz5jfdo5f%2FtS%2Fp5diiXxxoYxqrFdbTzy0YpqGoOq9tvZMxMKJUbvCbqntMSSZRkH9vP%2FhVK5ueLrY1dOQHeD2ABnhBhG%2BHApVLNoADA5PcZIJX2o4ReLKSuggJRt7jHTcopI4zf6xho%2FKHw40WtGVoy27QZdrTivqVG4FdlpvXLeaSpw%3D%3D","environmentVariables":{"CLIENT_URL":"https://deploytest-1e8cc.firebaseapp.com","LINE_LOGIN_REDIRECT":"https://deploytest-1e8cc.firebaseapp.com","LINE_LOGIN_ID":"1657598962","LINE_SECRET":"32475fa76a13b3f40b316c9d3eb3623f","LINE_ACCESSTOKEN_URL":"https://api.line.me/oauth2/v2.1/token","LINE_PROFILE_URL":"https://api.line.me/oauth2/v2.1/userinfo","LINEBOT_ACCESSTOKEN":"","FIREBASE_CONFIG":"{\"projectId\":\"deploytest-1e8cc\",\"storageBucket\":\"deploytest-1e8cc.appspot.com\",\"locationId\":\"asia-northeast1\"}","GCLOUD_PROJECT":"deploytest-1e8cc"},"runtime":"nodejs16","dockerRegistry":"ARTIFACT_REGISTRY"},"versionId":"1","updateTime":"2022-10-28T08:12:08Z","buildId":"c87ed056-804b-413a-8695-49e87d923d1a","buildName":"projects/468117741965/locations/asia-northeast1/builds/c87ed056-804b-413a-8695-49e87d923d1a"}}
[debug] [2022-10-28T08:13:07.021Z] [create-default-asia-northeast1-login] Retrying task index 0
[debug] [2022-10-28T08:13:07.022Z] >>> [apiv2][query] GET https://cloudfunctions.googleapis.com/v1/operations/ZGVwbG95dGVzdC0xZThjYy9hc2lhLW5vcnRoZWFzdDEvbG9naW4vb2VNQnpEX3hlX0k [none]
[debug] [2022-10-28T08:13:07.423Z] <<< [apiv2][status] GET https://cloudfunctions.googleapis.com/v1/operations/ZGVwbG95dGVzdC0xZThjYy9hc2lhLW5vcnRoZWFzdDEvbG9naW4vb2VNQnpEX3hlX0k 200
[debug] [2022-10-28T08:13:07.424Z] <<< [apiv2][body] GET https://cloudfunctions.googleapis.com/v1/operations/ZGVwbG95dGVzdC0xZThjYy9hc2lhLW5vcnRoZWFzdDEvbG9naW4vb2VNQnpEX3hlX0k {"name":"operations/ZGVwbG95dGVzdC0xZThjYy9hc2lhLW5vcnRoZWFzdDEvbG9naW4vb2VNQnpEX3hlX0k","metadata":{"@type":"type.googleapis.com/google.cloud.functions.v1.OperationMetadataV1","target":"projects/deploytest-1e8cc/locations/asia-northeast1/functions/login","type":"CREATE_FUNCTION","request":{"@type":"type.googleapis.com/google.cloud.functions.v1.CloudFunction","name":"projects/deploytest-1e8cc/locations/asia-northeast1/functions/login","httpsTrigger":{"securityLevel":"SECURE_ALWAYS"},"entryPoint":"login","labels":{"deployment-tool":"cli-firebase"},"sourceUploadUrl":"https://storage.googleapis.com/uploads-203992961125.asia-northeast1.cloudfunctions.appspot.com/6bce014d-0e3f-40a0-b1b1-ef10c8fb0e13.zip?GoogleAccessId=service-468117741965@gcf-admin-robot.iam.gserviceaccount.com&Expires=1666946526&Signature=bIqjdODf111HWBL2ZhsnFcT%2FKc6NVJNNdGKYCkZa4nMElvFGZFChVmo3cD51nKsRGumIiY8SnMEygvH8dUwAuATCrnhUyGcMmwxv6BDEYnfb%2F4qZ9InXvxypz2ONV2EHulyATM8K5Fz5Bee0Qjz5lOFeIFlANrY6iDLENmAz5jfdo5f%2FtS%2Fp5diiXxxoYxqrFdbTzy0YpqGoOq9tvZMxMKJUbvCbqntMSSZRkH9vP%2FhVK5ueLrY1dOQHeD2ABnhBhG%2BHApVLNoADA5PcZIJX2o4ReLKSuggJRt7jHTcopI4zf6xho%2FKHw40WtGVoy27QZdrTivqVG4FdlpvXLeaSpw%3D%3D","environmentVariables":{"CLIENT_URL":"https://deploytest-1e8cc.firebaseapp.com","LINE_LOGIN_REDIRECT":"https://deploytest-1e8cc.firebaseapp.com","LINE_LOGIN_ID":"1657598962","LINE_SECRET":"32475fa76a13b3f40b316c9d3eb3623f","LINE_ACCESSTOKEN_URL":"https://api.line.me/oauth2/v2.1/token","LINE_PROFILE_URL":"https://api.line.me/oauth2/v2.1/userinfo","LINEBOT_ACCESSTOKEN":"","FIREBASE_CONFIG":"{\"projectId\":\"deploytest-1e8cc\",\"storageBucket\":\"deploytest-1e8cc.appspot.com\",\"locationId\":\"asia-northeast1\"}","GCLOUD_PROJECT":"deploytest-1e8cc"},"runtime":"nodejs16","dockerRegistry":"ARTIFACT_REGISTRY"},"versionId":"1","updateTime":"2022-10-28T08:12:08Z","buildId":"c87ed056-804b-413a-8695-49e87d923d1a","buildName":"projects/468117741965/locations/asia-northeast1/builds/c87ed056-804b-413a-8695-49e87d923d1a"}}
[debug] [2022-10-28T08:13:17.432Z] [create-default-asia-northeast1-login] Retrying task index 0
[debug] [2022-10-28T08:13:17.432Z] >>> [apiv2][query] GET https://cloudfunctions.googleapis.com/v1/operations/ZGVwbG95dGVzdC0xZThjYy9hc2lhLW5vcnRoZWFzdDEvbG9naW4vb2VNQnpEX3hlX0k [none]
[debug] [2022-10-28T08:13:17.969Z] <<< [apiv2][status] GET https://cloudfunctions.googleapis.com/v1/operations/ZGVwbG95dGVzdC0xZThjYy9hc2lhLW5vcnRoZWFzdDEvbG9naW4vb2VNQnpEX3hlX0k 200
[debug] [2022-10-28T08:13:17.970Z] <<< [apiv2][body] GET https://cloudfunctions.googleapis.com/v1/operations/ZGVwbG95dGVzdC0xZThjYy9hc2lhLW5vcnRoZWFzdDEvbG9naW4vb2VNQnpEX3hlX0k {"name":"operations/ZGVwbG95dGVzdC0xZThjYy9hc2lhLW5vcnRoZWFzdDEvbG9naW4vb2VNQnpEX3hlX0k","metadata":{"@type":"type.googleapis.com/google.cloud.functions.v1.OperationMetadataV1","target":"projects/deploytest-1e8cc/locations/asia-northeast1/functions/login","type":"CREATE_FUNCTION","request":{"@type":"type.googleapis.com/google.cloud.functions.v1.CloudFunction","name":"projects/deploytest-1e8cc/locations/asia-northeast1/functions/login","httpsTrigger":{"securityLevel":"SECURE_ALWAYS"},"entryPoint":"login","labels":{"deployment-tool":"cli-firebase"},"sourceUploadUrl":"https://storage.googleapis.com/uploads-203992961125.asia-northeast1.cloudfunctions.appspot.com/6bce014d-0e3f-40a0-b1b1-ef10c8fb0e13.zip?GoogleAccessId=service-468117741965@gcf-admin-robot.iam.gserviceaccount.com&Expires=1666946526&Signature=bIqjdODf111HWBL2ZhsnFcT%2FKc6NVJNNdGKYCkZa4nMElvFGZFChVmo3cD51nKsRGumIiY8SnMEygvH8dUwAuATCrnhUyGcMmwxv6BDEYnfb%2F4qZ9InXvxypz2ONV2EHulyATM8K5Fz5Bee0Qjz5lOFeIFlANrY6iDLENmAz5jfdo5f%2FtS%2Fp5diiXxxoYxqrFdbTzy0YpqGoOq9tvZMxMKJUbvCbqntMSSZRkH9vP%2FhVK5ueLrY1dOQHeD2ABnhBhG%2BHApVLNoADA5PcZIJX2o4ReLKSuggJRt7jHTcopI4zf6xho%2FKHw40WtGVoy27QZdrTivqVG4FdlpvXLeaSpw%3D%3D","environmentVariables":{"CLIENT_URL":"https://deploytest-1e8cc.firebaseapp.com","LINE_LOGIN_REDIRECT":"https://deploytest-1e8cc.firebaseapp.com","LINE_LOGIN_ID":"1657598962","LINE_SECRET":"32475fa76a13b3f40b316c9d3eb3623f","LINE_ACCESSTOKEN_URL":"https://api.line.me/oauth2/v2.1/token","LINE_PROFILE_URL":"https://api.line.me/oauth2/v2.1/userinfo","LINEBOT_ACCESSTOKEN":"","FIREBASE_CONFIG":"{\"projectId\":\"deploytest-1e8cc\",\"storageBucket\":\"deploytest-1e8cc.appspot.com\",\"locationId\":\"asia-northeast1\"}","GCLOUD_PROJECT":"deploytest-1e8cc"},"runtime":"nodejs16","dockerRegistry":"ARTIFACT_REGISTRY"},"versionId":"1","updateTime":"2022-10-28T08:12:08Z","buildId":"c87ed056-804b-413a-8695-49e87d923d1a","buildName":"projects/468117741965/locations/asia-northeast1/builds/c87ed056-804b-413a-8695-49e87d923d1a"}}
[debug] [2022-10-28T08:13:27.982Z] [create-default-asia-northeast1-login] Retrying task index 0
[debug] [2022-10-28T08:13:27.982Z] >>> [apiv2][query] GET https://cloudfunctions.googleapis.com/v1/operations/ZGVwbG95dGVzdC0xZThjYy9hc2lhLW5vcnRoZWFzdDEvbG9naW4vb2VNQnpEX3hlX0k [none]
[debug] [2022-10-28T08:13:28.515Z] <<< [apiv2][status] GET https://cloudfunctions.googleapis.com/v1/operations/ZGVwbG95dGVzdC0xZThjYy9hc2lhLW5vcnRoZWFzdDEvbG9naW4vb2VNQnpEX3hlX0k 200
[debug] [2022-10-28T08:13:28.515Z] <<< [apiv2][body] GET https://cloudfunctions.googleapis.com/v1/operations/ZGVwbG95dGVzdC0xZThjYy9hc2lhLW5vcnRoZWFzdDEvbG9naW4vb2VNQnpEX3hlX0k {"name":"operations/ZGVwbG95dGVzdC0xZThjYy9hc2lhLW5vcnRoZWFzdDEvbG9naW4vb2VNQnpEX3hlX0k","metadata":{"@type":"type.googleapis.com/google.cloud.functions.v1.OperationMetadataV1","target":"projects/deploytest-1e8cc/locations/asia-northeast1/functions/login","type":"CREATE_FUNCTION","request":{"@type":"type.googleapis.com/google.cloud.functions.v1.CloudFunction","name":"projects/deploytest-1e8cc/locations/asia-northeast1/functions/login","httpsTrigger":{"securityLevel":"SECURE_ALWAYS"},"entryPoint":"login","labels":{"deployment-tool":"cli-firebase"},"sourceUploadUrl":"https://storage.googleapis.com/uploads-203992961125.asia-northeast1.cloudfunctions.appspot.com/6bce014d-0e3f-40a0-b1b1-ef10c8fb0e13.zip?GoogleAccessId=service-468117741965@gcf-admin-robot.iam.gserviceaccount.com&Expires=1666946526&Signature=bIqjdODf111HWBL2ZhsnFcT%2FKc6NVJNNdGKYCkZa4nMElvFGZFChVmo3cD51nKsRGumIiY8SnMEygvH8dUwAuATCrnhUyGcMmwxv6BDEYnfb%2F4qZ9InXvxypz2ONV2EHulyATM8K5Fz5Bee0Qjz5lOFeIFlANrY6iDLENmAz5jfdo5f%2FtS%2Fp5diiXxxoYxqrFdbTzy0YpqGoOq9tvZMxMKJUbvCbqntMSSZRkH9vP%2FhVK5ueLrY1dOQHeD2ABnhBhG%2BHApVLNoADA5PcZIJX2o4ReLKSuggJRt7jHTcopI4zf6xho%2FKHw40WtGVoy27QZdrTivqVG4FdlpvXLeaSpw%3D%3D","environmentVariables":{"CLIENT_URL":"https://deploytest-1e8cc.firebaseapp.com","LINE_LOGIN_REDIRECT":"https://deploytest-1e8cc.firebaseapp.com","LINE_LOGIN_ID":"1657598962","LINE_SECRET":"32475fa76a13b3f40b316c9d3eb3623f","LINE_ACCESSTOKEN_URL":"https://api.line.me/oauth2/v2.1/token","LINE_PROFILE_URL":"https://api.line.me/oauth2/v2.1/userinfo","LINEBOT_ACCESSTOKEN":"","FIREBASE_CONFIG":"{\"projectId\":\"deploytest-1e8cc\",\"storageBucket\":\"deploytest-1e8cc.appspot.com\",\"locationId\":\"asia-northeast1\"}","GCLOUD_PROJECT":"deploytest-1e8cc"},"runtime":"nodejs16","dockerRegistry":"ARTIFACT_REGISTRY"},"versionId":"1","updateTime":"2022-10-28T08:12:08Z","buildId":"c87ed056-804b-413a-8695-49e87d923d1a","sourceToken":"5ea3e4ed-8f1f-4579-8276-510f4e4f241c","buildName":"projects/468117741965/locations/asia-northeast1/builds/c87ed056-804b-413a-8695-49e87d923d1a"}}
[debug] [2022-10-28T08:13:28.515Z] Got source token 5ea3e4ed-8f1f-4579-8276-510f4e4f241c for region asia-northeast1
[debug] [2022-10-28T08:13:38.529Z] [create-default-asia-northeast1-login] Retrying task index 0
[debug] [2022-10-28T08:13:38.529Z] >>> [apiv2][query] GET https://cloudfunctions.googleapis.com/v1/operations/ZGVwbG95dGVzdC0xZThjYy9hc2lhLW5vcnRoZWFzdDEvbG9naW4vb2VNQnpEX3hlX0k [none]
[debug] [2022-10-28T08:13:38.915Z] <<< [apiv2][status] GET https://cloudfunctions.googleapis.com/v1/operations/ZGVwbG95dGVzdC0xZThjYy9hc2lhLW5vcnRoZWFzdDEvbG9naW4vb2VNQnpEX3hlX0k 200
[debug] [2022-10-28T08:13:38.915Z] <<< [apiv2][body] GET https://cloudfunctions.googleapis.com/v1/operations/ZGVwbG95dGVzdC0xZThjYy9hc2lhLW5vcnRoZWFzdDEvbG9naW4vb2VNQnpEX3hlX0k {"name":"operations/ZGVwbG95dGVzdC0xZThjYy9hc2lhLW5vcnRoZWFzdDEvbG9naW4vb2VNQnpEX3hlX0k","metadata":{"@type":"type.googleapis.com/google.cloud.functions.v1.OperationMetadataV1","target":"projects/deploytest-1e8cc/locations/asia-northeast1/functions/login","type":"CREATE_FUNCTION","request":{"@type":"type.googleapis.com/google.cloud.functions.v1.CloudFunction","name":"projects/deploytest-1e8cc/locations/asia-northeast1/functions/login","httpsTrigger":{"securityLevel":"SECURE_ALWAYS"},"entryPoint":"login","labels":{"deployment-tool":"cli-firebase"},"sourceUploadUrl":"https://storage.googleapis.com/uploads-203992961125.asia-northeast1.cloudfunctions.appspot.com/6bce014d-0e3f-40a0-b1b1-ef10c8fb0e13.zip?GoogleAccessId=service-468117741965@gcf-admin-robot.iam.gserviceaccount.com&Expires=1666946526&Signature=bIqjdODf111HWBL2ZhsnFcT%2FKc6NVJNNdGKYCkZa4nMElvFGZFChVmo3cD51nKsRGumIiY8SnMEygvH8dUwAuATCrnhUyGcMmwxv6BDEYnfb%2F4qZ9InXvxypz2ONV2EHulyATM8K5Fz5Bee0Qjz5lOFeIFlANrY6iDLENmAz5jfdo5f%2FtS%2Fp5diiXxxoYxqrFdbTzy0YpqGoOq9tvZMxMKJUbvCbqntMSSZRkH9vP%2FhVK5ueLrY1dOQHeD2ABnhBhG%2BHApVLNoADA5PcZIJX2o4ReLKSuggJRt7jHTcopI4zf6xho%2FKHw40WtGVoy27QZdrTivqVG4FdlpvXLeaSpw%3D%3D","environmentVariables":{"CLIENT_URL":"https://deploytest-1e8cc.firebaseapp.com","LINE_LOGIN_REDIRECT":"https://deploytest-1e8cc.firebaseapp.com","LINE_LOGIN_ID":"1657598962","LINE_SECRET":"32475fa76a13b3f40b316c9d3eb3623f","LINE_ACCESSTOKEN_URL":"https://api.line.me/oauth2/v2.1/token","LINE_PROFILE_URL":"https://api.line.me/oauth2/v2.1/userinfo","LINEBOT_ACCESSTOKEN":"","FIREBASE_CONFIG":"{\"projectId\":\"deploytest-1e8cc\",\"storageBucket\":\"deploytest-1e8cc.appspot.com\",\"locationId\":\"asia-northeast1\"}","GCLOUD_PROJECT":"deploytest-1e8cc"},"runtime":"nodejs16","dockerRegistry":"ARTIFACT_REGISTRY"},"versionId":"1","updateTime":"2022-10-28T08:12:08Z","buildId":"c87ed056-804b-413a-8695-49e87d923d1a","sourceToken":"5ea3e4ed-8f1f-4579-8276-510f4e4f241c","buildName":"projects/468117741965/locations/asia-northeast1/builds/c87ed056-804b-413a-8695-49e87d923d1a"}}
[debug] [2022-10-28T08:13:38.915Z] Got source token 5ea3e4ed-8f1f-4579-8276-510f4e4f241c for region asia-northeast1
[debug] [2022-10-28T08:13:48.925Z] [create-default-asia-northeast1-login] Retrying task index 0
[debug] [2022-10-28T08:13:48.925Z] >>> [apiv2][query] GET https://cloudfunctions.googleapis.com/v1/operations/ZGVwbG95dGVzdC0xZThjYy9hc2lhLW5vcnRoZWFzdDEvbG9naW4vb2VNQnpEX3hlX0k [none]
[debug] [2022-10-28T08:13:49.250Z] <<< [apiv2][status] GET https://cloudfunctions.googleapis.com/v1/operations/ZGVwbG95dGVzdC0xZThjYy9hc2lhLW5vcnRoZWFzdDEvbG9naW4vb2VNQnpEX3hlX0k 200
[debug] [2022-10-28T08:13:49.250Z] <<< [apiv2][body] GET https://cloudfunctions.googleapis.com/v1/operations/ZGVwbG95dGVzdC0xZThjYy9hc2lhLW5vcnRoZWFzdDEvbG9naW4vb2VNQnpEX3hlX0k {"name":"operations/ZGVwbG95dGVzdC0xZThjYy9hc2lhLW5vcnRoZWFzdDEvbG9naW4vb2VNQnpEX3hlX0k","metadata":{"@type":"type.googleapis.com/google.cloud.functions.v1.OperationMetadataV1","target":"projects/deploytest-1e8cc/locations/asia-northeast1/functions/login","type":"CREATE_FUNCTION","request":{"@type":"type.googleapis.com/google.cloud.functions.v1.CloudFunction","name":"projects/deploytest-1e8cc/locations/asia-northeast1/functions/login","httpsTrigger":{"securityLevel":"SECURE_ALWAYS"},"entryPoint":"login","labels":{"deployment-tool":"cli-firebase"},"sourceUploadUrl":"https://storage.googleapis.com/uploads-203992961125.asia-northeast1.cloudfunctions.appspot.com/6bce014d-0e3f-40a0-b1b1-ef10c8fb0e13.zip?GoogleAccessId=service-468117741965@gcf-admin-robot.iam.gserviceaccount.com&Expires=1666946526&Signature=bIqjdODf111HWBL2ZhsnFcT%2FKc6NVJNNdGKYCkZa4nMElvFGZFChVmo3cD51nKsRGumIiY8SnMEygvH8dUwAuATCrnhUyGcMmwxv6BDEYnfb%2F4qZ9InXvxypz2ONV2EHulyATM8K5Fz5Bee0Qjz5lOFeIFlANrY6iDLENmAz5jfdo5f%2FtS%2Fp5diiXxxoYxqrFdbTzy0YpqGoOq9tvZMxMKJUbvCbqntMSSZRkH9vP%2FhVK5ueLrY1dOQHeD2ABnhBhG%2BHApVLNoADA5PcZIJX2o4ReLKSuggJRt7jHTcopI4zf6xho%2FKHw40WtGVoy27QZdrTivqVG4FdlpvXLeaSpw%3D%3D","environmentVariables":{"CLIENT_URL":"https://deploytest-1e8cc.firebaseapp.com","LINE_LOGIN_REDIRECT":"https://deploytest-1e8cc.firebaseapp.com","LINE_LOGIN_ID":"1657598962","LINE_SECRET":"32475fa76a13b3f40b316c9d3eb3623f","LINE_ACCESSTOKEN_URL":"https://api.line.me/oauth2/v2.1/token","LINE_PROFILE_URL":"https://api.line.me/oauth2/v2.1/userinfo","LINEBOT_ACCESSTOKEN":"","FIREBASE_CONFIG":"{\"projectId\":\"deploytest-1e8cc\",\"storageBucket\":\"deploytest-1e8cc.appspot.com\",\"locationId\":\"asia-northeast1\"}","GCLOUD_PROJECT":"deploytest-1e8cc"},"runtime":"nodejs16","dockerRegistry":"ARTIFACT_REGISTRY"},"versionId":"1","updateTime":"2022-10-28T08:13:43Z","buildId":"c87ed056-804b-413a-8695-49e87d923d1a","sourceToken":"5ea3e4ed-8f1f-4579-8276-510f4e4f241c","buildName":"projects/468117741965/locations/asia-northeast1/builds/c87ed056-804b-413a-8695-49e87d923d1a"},"done":true,"error":{"code":3,"message":"Function failed on loading user code. This is likely due to a bug in the user code. Error message: Error: please examine your function logs to see the error cause: https://cloud.google.com/functions/docs/monitoring/logging#viewing_logs. Additional troubleshooting documentation can be found at https://cloud.google.com/functions/docs/troubleshooting#logging. Please visit https://cloud.google.com/functions/docs/troubleshooting for in-depth troubleshooting documentation."}}
[debug] [2022-10-28T08:13:49.250Z] Got source token 5ea3e4ed-8f1f-4579-8276-510f4e4f241c for region asia-northeast1
[error] Function failed on loading user code. This is likely due to a bug in the user code. Error message: Error: please examine your function logs to see the error cause: https://cloud.google.com/functions/docs/monitoring/logging#viewing_logs. Additional troubleshooting documentation can be found at https://cloud.google.com/functions/docs/troubleshooting#logging. Please visit https://cloud.google.com/functions/docs/troubleshooting for in-depth troubleshooting documentation.
[debug] [2022-10-28T08:13:49.262Z] Total Function Deployment time: 103234
[debug] [2022-10-28T08:13:49.262Z] 1 Functions Deployed
[debug] [2022-10-28T08:13:49.262Z] 1 Functions Errored
[debug] [2022-10-28T08:13:49.262Z] 0 Function Deployments Aborted
[debug] [2022-10-28T08:13:49.262Z] Average Function Deployment time: 103232
[info] 
[info] Functions deploy had errors with the following functions:
	login(asia-northeast1)
[debug] [2022-10-28T08:13:49.377Z] Not printing URL for HTTPS function. Typically this means it didn't match a filter or we failed deployment
[info] i  functions: cleaning up build files... 
[debug] [2022-10-28T08:13:49.381Z] >>> [apiv2][query] DELETE https://artifactregistry.googleapis.com/v1beta2/projects/deploytest-1e8cc/locations/asia-northeast1/repositories/gcf-artifacts/packages/login [none]
[debug] [2022-10-28T08:13:49.383Z] >>> [apiv2][query] GET https://asia.gcr.io/v2/deploytest-1e8cc/gcf/asia-northeast1/tags/list [none]
[debug] [2022-10-28T08:13:49.830Z] <<< [apiv2][status] DELETE https://artifactregistry.googleapis.com/v1beta2/projects/deploytest-1e8cc/locations/asia-northeast1/repositories/gcf-artifacts/packages/login 200
[debug] [2022-10-28T08:13:49.830Z] <<< [apiv2][body] DELETE https://artifactregistry.googleapis.com/v1beta2/projects/deploytest-1e8cc/locations/asia-northeast1/repositories/gcf-artifacts/packages/login {"name":"projects/deploytest-1e8cc/locations/asia-northeast1/operations/e942bed3-6699-477b-b8d6-db26ff7bb1b5","metadata":{"@type":"type.googleapis.com/google.devtools.artifactregistry.v1beta2.OperationMetadata"}}
[debug] [2022-10-28T08:13:49.831Z] >>> [apiv2][query] GET https://artifactregistry.googleapis.com/v1beta2/projects/deploytest-1e8cc/locations/asia-northeast1/operations/e942bed3-6699-477b-b8d6-db26ff7bb1b5 [none]
[debug] [2022-10-28T08:13:50.207Z] <<< [apiv2][status] GET https://artifactregistry.googleapis.com/v1beta2/projects/deploytest-1e8cc/locations/asia-northeast1/operations/e942bed3-6699-477b-b8d6-db26ff7bb1b5 200
[debug] [2022-10-28T08:13:50.207Z] <<< [apiv2][body] GET https://artifactregistry.googleapis.com/v1beta2/projects/deploytest-1e8cc/locations/asia-northeast1/operations/e942bed3-6699-477b-b8d6-db26ff7bb1b5 {"name":"projects/deploytest-1e8cc/locations/asia-northeast1/operations/e942bed3-6699-477b-b8d6-db26ff7bb1b5","metadata":{"@type":"type.googleapis.com/google.devtools.artifactregistry.v1beta2.OperationMetadata"},"done":true,"response":{"@type":"type.googleapis.com/google.protobuf.Empty"}}
[debug] [2022-10-28T08:13:51.911Z] <<< [apiv2][status] GET https://asia.gcr.io/v2/deploytest-1e8cc/gcf/asia-northeast1/tags/list 200
[debug] [2022-10-28T08:13:51.911Z] <<< [apiv2][body] GET https://asia.gcr.io/v2/deploytest-1e8cc/gcf/asia-northeast1/tags/list {"child":[],"manifest":{},"name":"deploytest-1e8cc/gcf/asia-northeast1","tags":[]}
[debug] [2022-10-28T08:13:51.912Z] Could not find image for function projects/deploytest-1e8cc/locations/asia-northeast1/functions/login
[debug] [2022-10-28T08:13:51.912Z] Functions deploy failed.
[debug] [2022-10-28T08:13:51.912Z] {
  "endpoint": {
    "id": "login",
    "project": "deploytest-1e8cc",
    "region": "asia-northeast1",
    "entryPoint": "login",
    "platform": "gcfv1",
    "runtime": "nodejs16",
    "httpsTrigger": {},
    "environmentVariables": {
      "CLIENT_URL": "https://deploytest-1e8cc.firebaseapp.com",
      "LINE_LOGIN_REDIRECT": "https://deploytest-1e8cc.firebaseapp.com",
      "LINE_LOGIN_ID": "1657598962",
      "LINE_SECRET": "32475fa76a13b3f40b316c9d3eb3623f",
      "LINE_ACCESSTOKEN_URL": "https://api.line.me/oauth2/v2.1/token",
      "LINE_PROFILE_URL": "https://api.line.me/oauth2/v2.1/userinfo",
      "LINEBOT_ACCESSTOKEN": "",
      "FIREBASE_CONFIG": "{\"projectId\":\"deploytest-1e8cc\",\"storageBucket\":\"deploytest-1e8cc.appspot.com\",\"locationId\":\"asia-northeast1\"}",
      "GCLOUD_PROJECT": "deploytest-1e8cc"
    },
    "codebase": "default",
    "labels": {
      "deployment-tool": "cli-firebase"
    }
  },
  "op": "create",
  "original": {
    "name": "FirebaseError",
    "children": [],
    "exit": 1,
    "message": "Function failed on loading user code. This is likely due to a bug in the user code. Error message: Error: please examine your function logs to see the error cause: https://cloud.google.com/functions/docs/monitoring/logging#viewing_logs. Additional troubleshooting documentation can be found at https://cloud.google.com/functions/docs/troubleshooting#logging. Please visit https://cloud.google.com/functions/docs/troubleshooting for in-depth troubleshooting documentation.",
    "status": 3
  }
}
[debug] [2022-10-28T08:13:52.020Z] Error: Failed to create function login in region asia-northeast1
    at C:\Users\wakab\AppData\Roaming\nvm\v16.13.1\node_modules\firebase-tools\lib\deploy\functions\release\fabricator.js:42:11
    at processTicksAndRejections (node:internal/process/task_queues:96:5)
    at async Fabricator.createV1Function (C:\Users\wakab\AppData\Roaming\nvm\v16.13.1\node_modules\firebase-tools\lib\deploy\functions\release\fabricator.js:169:32)
    at async Fabricator.createEndpoint (C:\Users\wakab\AppData\Roaming\nvm\v16.13.1\node_modules\firebase-tools\lib\deploy\functions\release\fabricator.js:120:13)
    at async handle (C:\Users\wakab\AppData\Roaming\nvm\v16.13.1\node_modules\firebase-tools\lib\deploy\functions\release\fabricator.js:79:17)
[error] 
[error] Error: There was an error deploying functions
